hcbat-25-01-2004_19.log
% Current directory is /home/kinki/trig
% login.tf, line 3: DEF: Redefined macro login
% partylite.tf, lines 11-17: DEF: Redefined macro partylite
% prots.tf, line 130: DEF: Redefined macro sop_up
% hc/hcbatlog.tf, line 15: DEF: Redefined macro logmove
hcbat-25-01-2004_19.log
% Current directory is /home/kinki/trig
% login.tf, line 3: DEF: Redefined macro login
% partylite.tf, lines 11-17: DEF: Redefined macro partylite
% prots.tf, line 130: DEF: Redefined macro sop_up
% hc/hcbatlog.tf, line 15: DEF: Redefined macro logmove
hcbat-27-01-2004_09.log
% Current directory is /home/kinki/trig
% login.tf, line 3: DEF: Redefined macro login
% partylite.tf, lines 11-17: DEF: Redefined macro partylite
% prots.tf, line 130: DEF: Redefined macro sop_up
% hc/hcbatlog.tf, line 15: DEF: Redefined macro logmove
hcbat-27-01-2004_11.log
% Current directory is /home/kinki/trig
% login.tf, line 3: DEF: Redefined macro login
% partylite.tf, lines 11-17: DEF: Redefined macro partylite
% prots.tf, line 130: DEF: Redefined macro sop_up
% hc/hcbatlog.tf, line 15: DEF: Redefined macro logmove
hcbat-27-01-2004_17.log
% Current directory is /home/kinki/trig
% login.tf, line 3: DEF: Redefined macro login
% partylite.tf, lines 11-17: DEF: Redefined macro partylite
% prots.tf, line 130: DEF: Redefined macro sop_up
% hc/hcbatlog.tf, line 15: DEF: Redefined macro logmove
hcbat-31-01-2004_15.log
% Current directory is /home/kinki/trig
% login.tf, line 3: DEF: Redefined macro login
% partylite.tf, lines 11-17: DEF: Redefined macro partylite
% prots.tf, line 130: DEF: Redefined macro sop_up
% hc/hcbatlog.tf, line 15: DEF: Redefined macro logmove
hcbat-01-02-2004_13.log
% Current directory is /home/kinki/trig
% login.tf, line 3: DEF: Redefined macro login
% partylite.tf, lines 11-17: DEF: Redefined macro partylite
% prots.tf, line 130: DEF: Redefined macro sop_up
% hc/hcbatlog.tf, line 15: DEF: Redefined macro logmove
